CRITICAL - 2023-09-13 02:11:15 --> syntax error, unexpected token "echo", expecting ";"
in APPPATH\Controllers\Home.php on line 9.
 1 SYSTEMPATH\Autoloader\Autoloader.php(285): CodeIgniter\Autoloader\Autoloader->includeFile('C:\\xampp\\htdocs\\trabajomod1\\app\\Controllers\\Home.php')
 2 SYSTEMPATH\Autoloader\Autoloader.php(263): CodeIgniter\Autoloader\Autoloader->loadInNamespace('App\\Controllers\\Home')
 3 [internal function]: CodeIgniter\Autoloader\Autoloader->loadClass('App\\Controllers\\Home')
 4 SYSTEMPATH\CodeIgniter.php(873): class_exists('\\App\\Controllers\\Home', true)
 5 SYSTEMPATH\CodeIgniter.php(479): CodeIgniter\CodeIgniter->startController()
 6 SYSTEMPATH\CodeIgniter.php(353): CodeIgniter\CodeIgniter->handleRequest(null, Object(Config\Cache), false)
 7 FCPATH\index.php(79): CodeIgniter\CodeIgniter->run()
CRITICAL - 2023-09-13 02:11:17 --> syntax error, unexpected token "echo", expecting ";"
in APPPATH\Controllers\Home.php on line 9.
 1 SYSTEMPATH\Autoloader\Autoloader.php(285): CodeIgniter\Autoloader\Autoloader->includeFile('C:\\xampp\\htdocs\\trabajomod1\\app\\Controllers\\Home.php')
 2 SYSTEMPATH\Autoloader\Autoloader.php(263): CodeIgniter\Autoloader\Autoloader->loadInNamespace('App\\Controllers\\Home')
 3 [internal function]: CodeIgniter\Autoloader\Autoloader->loadClass('App\\Controllers\\Home')
 4 SYSTEMPATH\CodeIgniter.php(873): class_exists('\\App\\Controllers\\Home', true)
 5 SYSTEMPATH\CodeIgniter.php(479): CodeIgniter\CodeIgniter->startController()
 6 SYSTEMPATH\CodeIgniter.php(353): CodeIgniter\CodeIgniter->handleRequest(null, Object(Config\Cache), false)
 7 FCPATH\index.php(79): CodeIgniter\CodeIgniter->run()
CRITICAL - 2023-09-13 02:11:46 --> syntax error, unexpected token "echo"
in APPPATH\Views\stock\index.php on line 20.
 1 SYSTEMPATH\View\View.php(229): CodeIgniter\View\View->CodeIgniter\View\{closure}()
 2 SYSTEMPATH\Common.php(1178): CodeIgniter\View\View->render('stock/index', [], true)
 3 APPPATH\Controllers\StockController.php(14): view('stock/index', [...])
 4 SYSTEMPATH\CodeIgniter.php(915): App\Controllers\StockController->index()
 5 SYSTEMPATH\CodeIgniter.php(492): CodeIgniter\CodeIgniter->runController(Object(App\Controllers\StockController))
 6 SYSTEMPATH\CodeIgniter.php(353): CodeIgniter\CodeIgniter->handleRequest(null, Object(Config\Cache), false)
 7 FCPATH\index.php(79): CodeIgniter\CodeIgniter->run()
CRITICAL - 2023-09-13 02:11:47 --> syntax error, unexpected token "echo"
in APPPATH\Views\stock\index.php on line 20.
 1 SYSTEMPATH\View\View.php(229): CodeIgniter\View\View->CodeIgniter\View\{closure}()
 2 SYSTEMPATH\Common.php(1178): CodeIgniter\View\View->render('stock/index', [], true)
 3 APPPATH\Controllers\StockController.php(14): view('stock/index', [...])
 4 SYSTEMPATH\CodeIgniter.php(915): App\Controllers\StockController->index()
 5 SYSTEMPATH\CodeIgniter.php(492): CodeIgniter\CodeIgniter->runController(Object(App\Controllers\StockController))
 6 SYSTEMPATH\CodeIgniter.php(353): CodeIgniter\CodeIgniter->handleRequest(null, Object(Config\Cache), false)
 7 FCPATH\index.php(79): CodeIgniter\CodeIgniter->run()
CRITICAL - 2023-09-13 02:14:37 --> syntax error, unexpected token "echo"
in APPPATH\Views\stock\index.php on line 20.
 1 SYSTEMPATH\View\View.php(229): CodeIgniter\View\View->CodeIgniter\View\{closure}()
 2 SYSTEMPATH\Common.php(1178): CodeIgniter\View\View->render('stock/index', [], true)
 3 APPPATH\Controllers\StockController.php(14): view('stock/index', [...])
 4 SYSTEMPATH\CodeIgniter.php(915): App\Controllers\StockController->index()
 5 SYSTEMPATH\CodeIgniter.php(492): CodeIgniter\CodeIgniter->runController(Object(App\Controllers\StockController))
 6 SYSTEMPATH\CodeIgniter.php(353): CodeIgniter\CodeIgniter->handleRequest(null, Object(Config\Cache), false)
 7 FCPATH\index.php(79): CodeIgniter\CodeIgniter->run()
CRITICAL - 2023-09-13 02:15:18 --> syntax error, unexpected token "echo"
in APPPATH\Views\stock\index.php on line 20.
 1 SYSTEMPATH\View\View.php(229): CodeIgniter\View\View->CodeIgniter\View\{closure}()
 2 SYSTEMPATH\Common.php(1178): CodeIgniter\View\View->render('/stock/index', [], true)
 3 APPPATH\Controllers\StockController.php(14): view('/stock/index', [...])
 4 SYSTEMPATH\CodeIgniter.php(915): App\Controllers\StockController->index()
 5 SYSTEMPATH\CodeIgniter.php(492): CodeIgniter\CodeIgniter->runController(Object(App\Controllers\StockController))
 6 SYSTEMPATH\CodeIgniter.php(353): CodeIgniter\CodeIgniter->handleRequest(null, Object(Config\Cache), false)
 7 FCPATH\index.php(79): CodeIgniter\CodeIgniter->run()
CRITICAL - 2023-09-13 02:15:19 --> syntax error, unexpected token "echo"
in APPPATH\Views\stock\index.php on line 20.
 1 SYSTEMPATH\View\View.php(229): CodeIgniter\View\View->CodeIgniter\View\{closure}()
 2 SYSTEMPATH\Common.php(1178): CodeIgniter\View\View->render('/stock/index', [], true)
 3 APPPATH\Controllers\StockController.php(14): view('/stock/index', [...])
 4 SYSTEMPATH\CodeIgniter.php(915): App\Controllers\StockController->index()
 5 SYSTEMPATH\CodeIgniter.php(492): CodeIgniter\CodeIgniter->runController(Object(App\Controllers\StockController))
 6 SYSTEMPATH\CodeIgniter.php(353): CodeIgniter\CodeIgniter->handleRequest(null, Object(Config\Cache), false)
 7 FCPATH\index.php(79): CodeIgniter\CodeIgniter->run()
CRITICAL - 2023-09-13 02:25:42 --> syntax error, unexpected token "echo"
in APPPATH\Views\index.php on line 20.
 1 SYSTEMPATH\View\View.php(229): CodeIgniter\View\View->CodeIgniter\View\{closure}()
 2 SYSTEMPATH\Common.php(1178): CodeIgniter\View\View->render('index', [], true)
 3 APPPATH\Controllers\StockController.php(14): view('index', [...])
 4 SYSTEMPATH\CodeIgniter.php(915): App\Controllers\StockController->index()
 5 SYSTEMPATH\CodeIgniter.php(492): CodeIgniter\CodeIgniter->runController(Object(App\Controllers\StockController))
 6 SYSTEMPATH\CodeIgniter.php(353): CodeIgniter\CodeIgniter->handleRequest(null, Object(Config\Cache), false)
 7 FCPATH\index.php(79): CodeIgniter\CodeIgniter->run()
CRITICAL - 2023-09-13 02:25:43 --> syntax error, unexpected token "echo"
in APPPATH\Views\index.php on line 20.
 1 SYSTEMPATH\View\View.php(229): CodeIgniter\View\View->CodeIgniter\View\{closure}()
 2 SYSTEMPATH\Common.php(1178): CodeIgniter\View\View->render('index', [], true)
 3 APPPATH\Controllers\StockController.php(14): view('index', [...])
 4 SYSTEMPATH\CodeIgniter.php(915): App\Controllers\StockController->index()
 5 SYSTEMPATH\CodeIgniter.php(492): CodeIgniter\CodeIgniter->runController(Object(App\Controllers\StockController))
 6 SYSTEMPATH\CodeIgniter.php(353): CodeIgniter\CodeIgniter->handleRequest(null, Object(Config\Cache), false)
 7 FCPATH\index.php(79): CodeIgniter\CodeIgniter->run()
CRITICAL - 2023-09-13 02:25:44 --> syntax error, unexpected token "echo"
in APPPATH\Views\index.php on line 20.
 1 SYSTEMPATH\View\View.php(229): CodeIgniter\View\View->CodeIgniter\View\{closure}()
 2 SYSTEMPATH\Common.php(1178): CodeIgniter\View\View->render('index', [], true)
 3 APPPATH\Controllers\StockController.php(14): view('index', [...])
 4 SYSTEMPATH\CodeIgniter.php(915): App\Controllers\StockController->index()
 5 SYSTEMPATH\CodeIgniter.php(492): CodeIgniter\CodeIgniter->runController(Object(App\Controllers\StockController))
 6 SYSTEMPATH\CodeIgniter.php(353): CodeIgniter\CodeIgniter->handleRequest(null, Object(Config\Cache), false)
 7 FCPATH\index.php(79): CodeIgniter\CodeIgniter->run()
CRITICAL - 2023-09-13 02:25:44 --> syntax error, unexpected token "echo"
in APPPATH\Views\index.php on line 20.
 1 SYSTEMPATH\View\View.php(229): CodeIgniter\View\View->CodeIgniter\View\{closure}()
 2 SYSTEMPATH\Common.php(1178): CodeIgniter\View\View->render('index', [], true)
 3 APPPATH\Controllers\StockController.php(14): view('index', [...])
 4 SYSTEMPATH\CodeIgniter.php(915): App\Controllers\StockController->index()
 5 SYSTEMPATH\CodeIgniter.php(492): CodeIgniter\CodeIgniter->runController(Object(App\Controllers\StockController))
 6 SYSTEMPATH\CodeIgniter.php(353): CodeIgniter\CodeIgniter->handleRequest(null, Object(Config\Cache), false)
 7 FCPATH\index.php(79): CodeIgniter\CodeIgniter->run()
CRITICAL - 2023-09-13 02:30:34 --> syntax error, unexpected token "echo"
in APPPATH\Views\stock\index.php on line 20.
 1 SYSTEMPATH\View\View.php(229): CodeIgniter\View\View->CodeIgniter\View\{closure}()
 2 SYSTEMPATH\Common.php(1178): CodeIgniter\View\View->render('stock/index', [], true)
 3 APPPATH\Controllers\StockController.php(14): view('stock/index', [...])
 4 SYSTEMPATH\CodeIgniter.php(915): App\Controllers\StockController->index()
 5 SYSTEMPATH\CodeIgniter.php(492): CodeIgniter\CodeIgniter->runController(Object(App\Controllers\StockController))
 6 SYSTEMPATH\CodeIgniter.php(353): CodeIgniter\CodeIgniter->handleRequest(null, Object(Config\Cache), false)
 7 FCPATH\index.php(79): CodeIgniter\CodeIgniter->run()
CRITICAL - 2023-09-13 02:30:34 --> syntax error, unexpected token "echo"
in APPPATH\Views\stock\index.php on line 20.
 1 SYSTEMPATH\View\View.php(229): CodeIgniter\View\View->CodeIgniter\View\{closure}()
 2 SYSTEMPATH\Common.php(1178): CodeIgniter\View\View->render('stock/index', [], true)
 3 APPPATH\Controllers\StockController.php(14): view('stock/index', [...])
 4 SYSTEMPATH\CodeIgniter.php(915): App\Controllers\StockController->index()
 5 SYSTEMPATH\CodeIgniter.php(492): CodeIgniter\CodeIgniter->runController(Object(App\Controllers\StockController))
 6 SYSTEMPATH\CodeIgniter.php(353): CodeIgniter\CodeIgniter->handleRequest(null, Object(Config\Cache), false)
 7 FCPATH\index.php(79): CodeIgniter\CodeIgniter->run()
CRITICAL - 2023-09-13 02:30:35 --> syntax error, unexpected token "echo"
in APPPATH\Views\stock\index.php on line 20.
 1 SYSTEMPATH\View\View.php(229): CodeIgniter\View\View->CodeIgniter\View\{closure}()
 2 SYSTEMPATH\Common.php(1178): CodeIgniter\View\View->render('stock/index', [], true)
 3 APPPATH\Controllers\StockController.php(14): view('stock/index', [...])
 4 SYSTEMPATH\CodeIgniter.php(915): App\Controllers\StockController->index()
 5 SYSTEMPATH\CodeIgniter.php(492): CodeIgniter\CodeIgniter->runController(Object(App\Controllers\StockController))
 6 SYSTEMPATH\CodeIgniter.php(353): CodeIgniter\CodeIgniter->handleRequest(null, Object(Config\Cache), false)
 7 FCPATH\index.php(79): CodeIgniter\CodeIgniter->run()
CRITICAL - 2023-09-13 02:30:35 --> syntax error, unexpected token "echo"
in APPPATH\Views\stock\index.php on line 20.
 1 SYSTEMPATH\View\View.php(229): CodeIgniter\View\View->CodeIgniter\View\{closure}()
 2 SYSTEMPATH\Common.php(1178): CodeIgniter\View\View->render('stock/index', [], true)
 3 APPPATH\Controllers\StockController.php(14): view('stock/index', [...])
 4 SYSTEMPATH\CodeIgniter.php(915): App\Controllers\StockController->index()
 5 SYSTEMPATH\CodeIgniter.php(492): CodeIgniter\CodeIgniter->runController(Object(App\Controllers\StockController))
 6 SYSTEMPATH\CodeIgniter.php(353): CodeIgniter\CodeIgniter->handleRequest(null, Object(Config\Cache), false)
 7 FCPATH\index.php(79): CodeIgniter\CodeIgniter->run()
CRITICAL - 2023-09-13 02:30:35 --> syntax error, unexpected token "echo"
in APPPATH\Views\stock\index.php on line 20.
 1 SYSTEMPATH\View\View.php(229): CodeIgniter\View\View->CodeIgniter\View\{closure}()
 2 SYSTEMPATH\Common.php(1178): CodeIgniter\View\View->render('stock/index', [], true)
 3 APPPATH\Controllers\StockController.php(14): view('stock/index', [...])
 4 SYSTEMPATH\CodeIgniter.php(915): App\Controllers\StockController->index()
 5 SYSTEMPATH\CodeIgniter.php(492): CodeIgniter\CodeIgniter->runController(Object(App\Controllers\StockController))
 6 SYSTEMPATH\CodeIgniter.php(353): CodeIgniter\CodeIgniter->handleRequest(null, Object(Config\Cache), false)
 7 FCPATH\index.php(79): CodeIgniter\CodeIgniter->run()
CRITICAL - 2023-09-13 02:30:35 --> syntax error, unexpected token "echo"
in APPPATH\Views\stock\index.php on line 20.
 1 SYSTEMPATH\View\View.php(229): CodeIgniter\View\View->CodeIgniter\View\{closure}()
 2 SYSTEMPATH\Common.php(1178): CodeIgniter\View\View->render('stock/index', [], true)
 3 APPPATH\Controllers\StockController.php(14): view('stock/index', [...])
 4 SYSTEMPATH\CodeIgniter.php(915): App\Controllers\StockController->index()
 5 SYSTEMPATH\CodeIgniter.php(492): CodeIgniter\CodeIgniter->runController(Object(App\Controllers\StockController))
 6 SYSTEMPATH\CodeIgniter.php(353): CodeIgniter\CodeIgniter->handleRequest(null, Object(Config\Cache), false)
 7 FCPATH\index.php(79): CodeIgniter\CodeIgniter->run()
CRITICAL - 2023-09-13 02:34:37 --> syntax error, unexpected token "echo"
in APPPATH\Views\stock\index.php on line 20.
 1 SYSTEMPATH\View\View.php(229): CodeIgniter\View\View->CodeIgniter\View\{closure}()
 2 SYSTEMPATH\Common.php(1178): CodeIgniter\View\View->render('stock/index', [], true)
 3 APPPATH\Controllers\StockController.php(14): view('stock/index', [...])
 4 SYSTEMPATH\CodeIgniter.php(915): App\Controllers\StockController->index()
 5 SYSTEMPATH\CodeIgniter.php(492): CodeIgniter\CodeIgniter->runController(Object(App\Controllers\StockController))
 6 SYSTEMPATH\CodeIgniter.php(353): CodeIgniter\CodeIgniter->handleRequest(null, Object(Config\Cache), false)
 7 FCPATH\index.php(79): CodeIgniter\CodeIgniter->run()
CRITICAL - 2023-09-13 02:39:34 --> syntax error, unexpected token "echo"
in APPPATH\Views\stock\index.php on line 20.
 1 SYSTEMPATH\View\View.php(229): CodeIgniter\View\View->CodeIgniter\View\{closure}()
 2 SYSTEMPATH\Common.php(1178): CodeIgniter\View\View->render('stock/index', [], true)
 3 APPPATH\Controllers\StockController.php(14): view('stock/index')
 4 SYSTEMPATH\CodeIgniter.php(915): App\Controllers\StockController->index()
 5 SYSTEMPATH\CodeIgniter.php(492): CodeIgniter\CodeIgniter->runController(Object(App\Controllers\StockController))
 6 SYSTEMPATH\CodeIgniter.php(353): CodeIgniter\CodeIgniter->handleRequest(null, Object(Config\Cache), false)
 7 FCPATH\index.php(79): CodeIgniter\CodeIgniter->run()
CRITICAL - 2023-09-13 02:39:37 --> syntax error, unexpected token "echo"
in APPPATH\Views\stock\index.php on line 20.
 1 SYSTEMPATH\View\View.php(229): CodeIgniter\View\View->CodeIgniter\View\{closure}()
 2 SYSTEMPATH\Common.php(1178): CodeIgniter\View\View->render('stock/index', [], true)
 3 APPPATH\Controllers\StockController.php(14): view('stock/index', [...])
 4 SYSTEMPATH\CodeIgniter.php(915): App\Controllers\StockController->index()
 5 SYSTEMPATH\CodeIgniter.php(492): CodeIgniter\CodeIgniter->runController(Object(App\Controllers\StockController))
 6 SYSTEMPATH\CodeIgniter.php(353): CodeIgniter\CodeIgniter->handleRequest(null, Object(Config\Cache), false)
 7 FCPATH\index.php(79): CodeIgniter\CodeIgniter->run()
CRITICAL - 2023-09-13 02:40:10 --> syntax error, unexpected token "echo"
in APPPATH\Views\stock\index.php on line 20.
 1 SYSTEMPATH\View\View.php(229): CodeIgniter\View\View->CodeIgniter\View\{closure}()
 2 SYSTEMPATH\Common.php(1178): CodeIgniter\View\View->render('stock/index', [], true)
 3 APPPATH\Controllers\StockController.php(14): view('stock/index', [...])
 4 SYSTEMPATH\CodeIgniter.php(915): App\Controllers\StockController->index()
 5 SYSTEMPATH\CodeIgniter.php(492): CodeIgniter\CodeIgniter->runController(Object(App\Controllers\StockController))
 6 SYSTEMPATH\CodeIgniter.php(353): CodeIgniter\CodeIgniter->handleRequest(null, Object(Config\Cache), false)
 7 FCPATH\index.php(79): CodeIgniter\CodeIgniter->run()
CRITICAL - 2023-09-13 02:40:11 --> syntax error, unexpected token "echo"
in APPPATH\Views\stock\index.php on line 20.
 1 SYSTEMPATH\View\View.php(229): CodeIgniter\View\View->CodeIgniter\View\{closure}()
 2 SYSTEMPATH\Common.php(1178): CodeIgniter\View\View->render('stock/index', [], true)
 3 APPPATH\Controllers\StockController.php(14): view('stock/index', [...])
 4 SYSTEMPATH\CodeIgniter.php(915): App\Controllers\StockController->index()
 5 SYSTEMPATH\CodeIgniter.php(492): CodeIgniter\CodeIgniter->runController(Object(App\Controllers\StockController))
 6 SYSTEMPATH\CodeIgniter.php(353): CodeIgniter\CodeIgniter->handleRequest(null, Object(Config\Cache), false)
 7 FCPATH\index.php(79): CodeIgniter\CodeIgniter->run()
CRITICAL - 2023-09-13 02:53:21 --> syntax error, unexpected token "=>", expecting "]"
in APPPATH\Controllers\StockController.php on line 21.
 1 SYSTEMPATH\Autoloader\Autoloader.php(285): CodeIgniter\Autoloader\Autoloader->includeFile('C:\\xampp\\htdocs\\trabajomod1\\app\\Controllers\\StockController.php')
 2 SYSTEMPATH\Autoloader\Autoloader.php(263): CodeIgniter\Autoloader\Autoloader->loadInNamespace('App\\Controllers\\StockController')
 3 [internal function]: CodeIgniter\Autoloader\Autoloader->loadClass('App\\Controllers\\StockController')
 4 SYSTEMPATH\CodeIgniter.php(873): class_exists('\\App\\Controllers\\StockController', true)
 5 SYSTEMPATH\CodeIgniter.php(479): CodeIgniter\CodeIgniter->startController()
 6 SYSTEMPATH\CodeIgniter.php(353): CodeIgniter\CodeIgniter->handleRequest(null, Object(Config\Cache), false)
 7 FCPATH\index.php(79): CodeIgniter\CodeIgniter->run()
CRITICAL - 2023-09-13 02:53:23 --> syntax error, unexpected token "=>", expecting "]"
in APPPATH\Controllers\StockController.php on line 21.
 1 SYSTEMPATH\Autoloader\Autoloader.php(285): CodeIgniter\Autoloader\Autoloader->includeFile('C:\\xampp\\htdocs\\trabajomod1\\app\\Controllers\\StockController.php')
 2 SYSTEMPATH\Autoloader\Autoloader.php(263): CodeIgniter\Autoloader\Autoloader->loadInNamespace('App\\Controllers\\StockController')
 3 [internal function]: CodeIgniter\Autoloader\Autoloader->loadClass('App\\Controllers\\StockController')
 4 SYSTEMPATH\CodeIgniter.php(873): class_exists('\\App\\Controllers\\StockController', true)
 5 SYSTEMPATH\CodeIgniter.php(479): CodeIgniter\CodeIgniter->startController()
 6 SYSTEMPATH\CodeIgniter.php(353): CodeIgniter\CodeIgniter->handleRequest(null, Object(Config\Cache), false)
 7 FCPATH\index.php(79): CodeIgniter\CodeIgniter->run()
CRITICAL - 2023-09-13 16:21:04 --> Too few arguments to function App\Controllers\StockController::verDetalle(), 0 passed in C:\xampp\htdocs\trabajomod1\system\CodeIgniter.php on line 915 and exactly 1 expected
in APPPATH\Controllers\StockController.php on line 17.
 1 SYSTEMPATH\CodeIgniter.php(915): App\Controllers\StockController->verDetalle()
 2 SYSTEMPATH\CodeIgniter.php(492): CodeIgniter\CodeIgniter->runController(Object(App\Controllers\StockController))
 3 SYSTEMPATH\CodeIgniter.php(353): CodeIgniter\CodeIgniter->handleRequest(null, Object(Config\Cache), false)
 4 FCPATH\index.php(79): CodeIgniter\CodeIgniter->run()
CRITICAL - 2023-09-13 18:01:03 --> Undefined variable $producto
in APPPATH\Views\stock\index.php on line 13.
 1 APPPATH\Views\stock\index.php(13): CodeIgniter\Debug\Exceptions->errorHandler(2, 'Undefined variable $producto', 'C:\\xampp\\htdocs\\trabajomod1\\app\\Views\\stock\\index.php', 13)
 2 SYSTEMPATH\View\View.php(226): include('C:\\xampp\\htdocs\\trabajomod1\\app\\Views\\stock\\index.php')
 3 SYSTEMPATH\View\View.php(229): CodeIgniter\View\View->CodeIgniter\View\{closure}()
 4 SYSTEMPATH\Common.php(1178): CodeIgniter\View\View->render('stock/index', [], true)
 5 APPPATH\Controllers\StockController.php(14): view('stock/index', [...])
 6 SYSTEMPATH\CodeIgniter.php(915): App\Controllers\StockController->index()
 7 SYSTEMPATH\CodeIgniter.php(492): CodeIgniter\CodeIgniter->runController(Object(App\Controllers\StockController))
 8 SYSTEMPATH\CodeIgniter.php(353): CodeIgniter\CodeIgniter->handleRequest(null, Object(Config\Cache), false)
 9 FCPATH\index.php(79): CodeIgniter\CodeIgniter->run()
CRITICAL - 2023-09-13 18:01:05 --> Undefined variable $producto
in APPPATH\Views\stock\index.php on line 13.
 1 APPPATH\Views\stock\index.php(13): CodeIgniter\Debug\Exceptions->errorHandler(2, 'Undefined variable $producto', 'C:\\xampp\\htdocs\\trabajomod1\\app\\Views\\stock\\index.php', 13)
 2 SYSTEMPATH\View\View.php(226): include('C:\\xampp\\htdocs\\trabajomod1\\app\\Views\\stock\\index.php')
 3 SYSTEMPATH\View\View.php(229): CodeIgniter\View\View->CodeIgniter\View\{closure}()
 4 SYSTEMPATH\Common.php(1178): CodeIgniter\View\View->render('stock/index', [], true)
 5 APPPATH\Controllers\StockController.php(14): view('stock/index', [...])
 6 SYSTEMPATH\CodeIgniter.php(915): App\Controllers\StockController->index()
 7 SYSTEMPATH\CodeIgniter.php(492): CodeIgniter\CodeIgniter->runController(Object(App\Controllers\StockController))
 8 SYSTEMPATH\CodeIgniter.php(353): CodeIgniter\CodeIgniter->handleRequest(null, Object(Config\Cache), false)
 9 FCPATH\index.php(79): CodeIgniter\CodeIgniter->run()
CRITICAL - 2023-09-13 18:01:26 --> Undefined variable $producto
in APPPATH\Views\stock\index.php on line 13.
 1 APPPATH\Views\stock\index.php(13): CodeIgniter\Debug\Exceptions->errorHandler(2, 'Undefined variable $producto', 'C:\\xampp\\htdocs\\trabajomod1\\app\\Views\\stock\\index.php', 13)
 2 SYSTEMPATH\View\View.php(226): include('C:\\xampp\\htdocs\\trabajomod1\\app\\Views\\stock\\index.php')
 3 SYSTEMPATH\View\View.php(229): CodeIgniter\View\View->CodeIgniter\View\{closure}()
 4 SYSTEMPATH\Common.php(1178): CodeIgniter\View\View->render('stock/index', [], true)
 5 APPPATH\Controllers\StockController.php(14): view('stock/index', [...])
 6 SYSTEMPATH\CodeIgniter.php(915): App\Controllers\StockController->index()
 7 SYSTEMPATH\CodeIgniter.php(492): CodeIgniter\CodeIgniter->runController(Object(App\Controllers\StockController))
 8 SYSTEMPATH\CodeIgniter.php(353): CodeIgniter\CodeIgniter->handleRequest(null, Object(Config\Cache), false)
 9 FCPATH\index.php(79): CodeIgniter\CodeIgniter->run()
CRITICAL - 2023-09-13 18:01:28 --> Undefined variable $producto
in APPPATH\Views\stock\index.php on line 13.
 1 APPPATH\Views\stock\index.php(13): CodeIgniter\Debug\Exceptions->errorHandler(2, 'Undefined variable $producto', 'C:\\xampp\\htdocs\\trabajomod1\\app\\Views\\stock\\index.php', 13)
 2 SYSTEMPATH\View\View.php(226): include('C:\\xampp\\htdocs\\trabajomod1\\app\\Views\\stock\\index.php')
 3 SYSTEMPATH\View\View.php(229): CodeIgniter\View\View->CodeIgniter\View\{closure}()
 4 SYSTEMPATH\Common.php(1178): CodeIgniter\View\View->render('stock/index', [], true)
 5 APPPATH\Controllers\StockController.php(14): view('stock/index', [...])
 6 SYSTEMPATH\CodeIgniter.php(915): App\Controllers\StockController->index()
 7 SYSTEMPATH\CodeIgniter.php(492): CodeIgniter\CodeIgniter->runController(Object(App\Controllers\StockController))
 8 SYSTEMPATH\CodeIgniter.php(353): CodeIgniter\CodeIgniter->handleRequest(null, Object(Config\Cache), false)
 9 FCPATH\index.php(79): CodeIgniter\CodeIgniter->run()
CRITICAL - 2023-09-13 18:01:29 --> Undefined variable $producto
in APPPATH\Views\stock\index.php on line 13.
 1 APPPATH\Views\stock\index.php(13): CodeIgniter\Debug\Exceptions->errorHandler(2, 'Undefined variable $producto', 'C:\\xampp\\htdocs\\trabajomod1\\app\\Views\\stock\\index.php', 13)
 2 SYSTEMPATH\View\View.php(226): include('C:\\xampp\\htdocs\\trabajomod1\\app\\Views\\stock\\index.php')
 3 SYSTEMPATH\View\View.php(229): CodeIgniter\View\View->CodeIgniter\View\{closure}()
 4 SYSTEMPATH\Common.php(1178): CodeIgniter\View\View->render('stock/index', [], true)
 5 APPPATH\Controllers\StockController.php(14): view('stock/index', [...])
 6 SYSTEMPATH\CodeIgniter.php(915): App\Controllers\StockController->index()
 7 SYSTEMPATH\CodeIgniter.php(492): CodeIgniter\CodeIgniter->runController(Object(App\Controllers\StockController))
 8 SYSTEMPATH\CodeIgniter.php(353): CodeIgniter\CodeIgniter->handleRequest(null, Object(Config\Cache), false)
 9 FCPATH\index.php(79): CodeIgniter\CodeIgniter->run()
CRITICAL - 2023-09-13 18:01:29 --> Undefined variable $producto
in APPPATH\Views\stock\index.php on line 13.
 1 APPPATH\Views\stock\index.php(13): CodeIgniter\Debug\Exceptions->errorHandler(2, 'Undefined variable $producto', 'C:\\xampp\\htdocs\\trabajomod1\\app\\Views\\stock\\index.php', 13)
 2 SYSTEMPATH\View\View.php(226): include('C:\\xampp\\htdocs\\trabajomod1\\app\\Views\\stock\\index.php')
 3 SYSTEMPATH\View\View.php(229): CodeIgniter\View\View->CodeIgniter\View\{closure}()
 4 SYSTEMPATH\Common.php(1178): CodeIgniter\View\View->render('stock/index', [], true)
 5 APPPATH\Controllers\StockController.php(14): view('stock/index', [...])
 6 SYSTEMPATH\CodeIgniter.php(915): App\Controllers\StockController->index()
 7 SYSTEMPATH\CodeIgniter.php(492): CodeIgniter\CodeIgniter->runController(Object(App\Controllers\StockController))
 8 SYSTEMPATH\CodeIgniter.php(353): CodeIgniter\CodeIgniter->handleRequest(null, Object(Config\Cache), false)
 9 FCPATH\index.php(79): CodeIgniter\CodeIgniter->run()
CRITICAL - 2023-09-13 18:04:40 --> Undefined variable $producto
in APPPATH\Views\stock\index.php on line 13.
 1 APPPATH\Views\stock\index.php(13): CodeIgniter\Debug\Exceptions->errorHandler(2, 'Undefined variable $producto', 'C:\\xampp\\htdocs\\trabajomod1\\app\\Views\\stock\\index.php', 13)
 2 SYSTEMPATH\View\View.php(226): include('C:\\xampp\\htdocs\\trabajomod1\\app\\Views\\stock\\index.php')
 3 SYSTEMPATH\View\View.php(229): CodeIgniter\View\View->CodeIgniter\View\{closure}()
 4 SYSTEMPATH\Common.php(1178): CodeIgniter\View\View->render('stock/index', [], true)
 5 APPPATH\Controllers\StockController.php(14): view('stock/index', [...])
 6 SYSTEMPATH\CodeIgniter.php(915): App\Controllers\StockController->index()
 7 SYSTEMPATH\CodeIgniter.php(492): CodeIgniter\CodeIgniter->runController(Object(App\Controllers\StockController))
 8 SYSTEMPATH\CodeIgniter.php(353): CodeIgniter\CodeIgniter->handleRequest(null, Object(Config\Cache), false)
 9 FCPATH\index.php(79): CodeIgniter\CodeIgniter->run()
CRITICAL - 2023-09-13 18:04:41 --> Undefined variable $producto
in APPPATH\Views\stock\index.php on line 13.
 1 APPPATH\Views\stock\index.php(13): CodeIgniter\Debug\Exceptions->errorHandler(2, 'Undefined variable $producto', 'C:\\xampp\\htdocs\\trabajomod1\\app\\Views\\stock\\index.php', 13)
 2 SYSTEMPATH\View\View.php(226): include('C:\\xampp\\htdocs\\trabajomod1\\app\\Views\\stock\\index.php')
 3 SYSTEMPATH\View\View.php(229): CodeIgniter\View\View->CodeIgniter\View\{closure}()
 4 SYSTEMPATH\Common.php(1178): CodeIgniter\View\View->render('stock/index', [], true)
 5 APPPATH\Controllers\StockController.php(14): view('stock/index', [...])
 6 SYSTEMPATH\CodeIgniter.php(915): App\Controllers\StockController->index()
 7 SYSTEMPATH\CodeIgniter.php(492): CodeIgniter\CodeIgniter->runController(Object(App\Controllers\StockController))
 8 SYSTEMPATH\CodeIgniter.php(353): CodeIgniter\CodeIgniter->handleRequest(null, Object(Config\Cache), false)
 9 FCPATH\index.php(79): CodeIgniter\CodeIgniter->run()
CRITICAL - 2023-09-13 18:05:05 --> Undefined variable $producto
in APPPATH\Views\stock\index.php on line 13.
 1 APPPATH\Views\stock\index.php(13): CodeIgniter\Debug\Exceptions->errorHandler(2, 'Undefined variable $producto', 'C:\\xampp\\htdocs\\trabajomod1\\app\\Views\\stock\\index.php', 13)
 2 SYSTEMPATH\View\View.php(226): include('C:\\xampp\\htdocs\\trabajomod1\\app\\Views\\stock\\index.php')
 3 SYSTEMPATH\View\View.php(229): CodeIgniter\View\View->CodeIgniter\View\{closure}()
 4 SYSTEMPATH\Common.php(1178): CodeIgniter\View\View->render('stock/index', [], true)
 5 APPPATH\Controllers\StockController.php(14): view('stock/index', [...])
 6 SYSTEMPATH\CodeIgniter.php(915): App\Controllers\StockController->index()
 7 SYSTEMPATH\CodeIgniter.php(492): CodeIgniter\CodeIgniter->runController(Object(App\Controllers\StockController))
 8 SYSTEMPATH\CodeIgniter.php(353): CodeIgniter\CodeIgniter->handleRequest(null, Object(Config\Cache), false)
 9 FCPATH\index.php(79): CodeIgniter\CodeIgniter->run()
CRITICAL - 2023-09-13 18:05:05 --> Undefined variable $producto
in APPPATH\Views\stock\index.php on line 13.
 1 APPPATH\Views\stock\index.php(13): CodeIgniter\Debug\Exceptions->errorHandler(2, 'Undefined variable $producto', 'C:\\xampp\\htdocs\\trabajomod1\\app\\Views\\stock\\index.php', 13)
 2 SYSTEMPATH\View\View.php(226): include('C:\\xampp\\htdocs\\trabajomod1\\app\\Views\\stock\\index.php')
 3 SYSTEMPATH\View\View.php(229): CodeIgniter\View\View->CodeIgniter\View\{closure}()
 4 SYSTEMPATH\Common.php(1178): CodeIgniter\View\View->render('stock/index', [], true)
 5 APPPATH\Controllers\StockController.php(14): view('stock/index', [...])
 6 SYSTEMPATH\CodeIgniter.php(915): App\Controllers\StockController->index()
 7 SYSTEMPATH\CodeIgniter.php(492): CodeIgniter\CodeIgniter->runController(Object(App\Controllers\StockController))
 8 SYSTEMPATH\CodeIgniter.php(353): CodeIgniter\CodeIgniter->handleRequest(null, Object(Config\Cache), false)
 9 FCPATH\index.php(79): CodeIgniter\CodeIgniter->run()
CRITICAL - 2023-09-13 18:05:12 --> Undefined variable $producto
in APPPATH\Views\stock\index.php on line 13.
 1 APPPATH\Views\stock\index.php(13): CodeIgniter\Debug\Exceptions->errorHandler(2, 'Undefined variable $producto', 'C:\\xampp\\htdocs\\trabajomod1\\app\\Views\\stock\\index.php', 13)
 2 SYSTEMPATH\View\View.php(226): include('C:\\xampp\\htdocs\\trabajomod1\\app\\Views\\stock\\index.php')
 3 SYSTEMPATH\View\View.php(229): CodeIgniter\View\View->CodeIgniter\View\{closure}()
 4 SYSTEMPATH\Common.php(1178): CodeIgniter\View\View->render('stock/index', [], true)
 5 APPPATH\Controllers\StockController.php(14): view('stock/index', [...])
 6 SYSTEMPATH\CodeIgniter.php(915): App\Controllers\StockController->index()
 7 SYSTEMPATH\CodeIgniter.php(492): CodeIgniter\CodeIgniter->runController(Object(App\Controllers\StockController))
 8 SYSTEMPATH\CodeIgniter.php(353): CodeIgniter\CodeIgniter->handleRequest(null, Object(Config\Cache), false)
 9 FCPATH\index.php(79): CodeIgniter\CodeIgniter->run()
CRITICAL - 2023-09-13 18:05:13 --> Undefined variable $producto
in APPPATH\Views\stock\index.php on line 13.
 1 APPPATH\Views\stock\index.php(13): CodeIgniter\Debug\Exceptions->errorHandler(2, 'Undefined variable $producto', 'C:\\xampp\\htdocs\\trabajomod1\\app\\Views\\stock\\index.php', 13)
 2 SYSTEMPATH\View\View.php(226): include('C:\\xampp\\htdocs\\trabajomod1\\app\\Views\\stock\\index.php')
 3 SYSTEMPATH\View\View.php(229): CodeIgniter\View\View->CodeIgniter\View\{closure}()
 4 SYSTEMPATH\Common.php(1178): CodeIgniter\View\View->render('stock/index', [], true)
 5 APPPATH\Controllers\StockController.php(14): view('stock/index', [...])
 6 SYSTEMPATH\CodeIgniter.php(915): App\Controllers\StockController->index()
 7 SYSTEMPATH\CodeIgniter.php(492): CodeIgniter\CodeIgniter->runController(Object(App\Controllers\StockController))
 8 SYSTEMPATH\CodeIgniter.php(353): CodeIgniter\CodeIgniter->handleRequest(null, Object(Config\Cache), false)
 9 FCPATH\index.php(79): CodeIgniter\CodeIgniter->run()
CRITICAL - 2023-09-13 18:05:25 --> Undefined variable $producto
in APPPATH\Views\stock\index.php on line 13.
 1 APPPATH\Views\stock\index.php(13): CodeIgniter\Debug\Exceptions->errorHandler(2, 'Undefined variable $producto', 'C:\\xampp\\htdocs\\trabajomod1\\app\\Views\\stock\\index.php', 13)
 2 SYSTEMPATH\View\View.php(226): include('C:\\xampp\\htdocs\\trabajomod1\\app\\Views\\stock\\index.php')
 3 SYSTEMPATH\View\View.php(229): CodeIgniter\View\View->CodeIgniter\View\{closure}()
 4 SYSTEMPATH\Common.php(1178): CodeIgniter\View\View->render('stock/index', [], true)
 5 APPPATH\Controllers\StockController.php(14): view('stock/index', [...])
 6 SYSTEMPATH\CodeIgniter.php(915): App\Controllers\StockController->index()
 7 SYSTEMPATH\CodeIgniter.php(492): CodeIgniter\CodeIgniter->runController(Object(App\Controllers\StockController))
 8 SYSTEMPATH\CodeIgniter.php(353): CodeIgniter\CodeIgniter->handleRequest(null, Object(Config\Cache), false)
 9 FCPATH\index.php(79): CodeIgniter\CodeIgniter->run()
CRITICAL - 2023-09-13 18:05:25 --> Undefined variable $producto
in APPPATH\Views\stock\index.php on line 13.
 1 APPPATH\Views\stock\index.php(13): CodeIgniter\Debug\Exceptions->errorHandler(2, 'Undefined variable $producto', 'C:\\xampp\\htdocs\\trabajomod1\\app\\Views\\stock\\index.php', 13)
 2 SYSTEMPATH\View\View.php(226): include('C:\\xampp\\htdocs\\trabajomod1\\app\\Views\\stock\\index.php')
 3 SYSTEMPATH\View\View.php(229): CodeIgniter\View\View->CodeIgniter\View\{closure}()
 4 SYSTEMPATH\Common.php(1178): CodeIgniter\View\View->render('stock/index', [], true)
 5 APPPATH\Controllers\StockController.php(14): view('stock/index', [...])
 6 SYSTEMPATH\CodeIgniter.php(915): App\Controllers\StockController->index()
 7 SYSTEMPATH\CodeIgniter.php(492): CodeIgniter\CodeIgniter->runController(Object(App\Controllers\StockController))
 8 SYSTEMPATH\CodeIgniter.php(353): CodeIgniter\CodeIgniter->handleRequest(null, Object(Config\Cache), false)
 9 FCPATH\index.php(79): CodeIgniter\CodeIgniter->run()
CRITICAL - 2023-09-13 18:08:29 --> Undefined variable $producto
in APPPATH\Views\stock\index.php on line 13.
 1 APPPATH\Views\stock\index.php(13): CodeIgniter\Debug\Exceptions->errorHandler(2, 'Undefined variable $producto', 'C:\\xampp\\htdocs\\trabajomod1\\app\\Views\\stock\\index.php', 13)
 2 SYSTEMPATH\View\View.php(226): include('C:\\xampp\\htdocs\\trabajomod1\\app\\Views\\stock\\index.php')
 3 SYSTEMPATH\View\View.php(229): CodeIgniter\View\View->CodeIgniter\View\{closure}()
 4 SYSTEMPATH\Common.php(1178): CodeIgniter\View\View->render('stock/index', [], true)
 5 APPPATH\Controllers\StockController.php(14): view('stock/index', [...])
 6 SYSTEMPATH\CodeIgniter.php(915): App\Controllers\StockController->index()
 7 SYSTEMPATH\CodeIgniter.php(492): CodeIgniter\CodeIgniter->runController(Object(App\Controllers\StockController))
 8 SYSTEMPATH\CodeIgniter.php(353): CodeIgniter\CodeIgniter->handleRequest(null, Object(Config\Cache), false)
 9 FCPATH\index.php(79): CodeIgniter\CodeIgniter->run()
CRITICAL - 2023-09-13 18:08:30 --> Undefined variable $producto
in APPPATH\Views\stock\index.php on line 13.
 1 APPPATH\Views\stock\index.php(13): CodeIgniter\Debug\Exceptions->errorHandler(2, 'Undefined variable $producto', 'C:\\xampp\\htdocs\\trabajomod1\\app\\Views\\stock\\index.php', 13)
 2 SYSTEMPATH\View\View.php(226): include('C:\\xampp\\htdocs\\trabajomod1\\app\\Views\\stock\\index.php')
 3 SYSTEMPATH\View\View.php(229): CodeIgniter\View\View->CodeIgniter\View\{closure}()
 4 SYSTEMPATH\Common.php(1178): CodeIgniter\View\View->render('stock/index', [], true)
 5 APPPATH\Controllers\StockController.php(14): view('stock/index', [...])
 6 SYSTEMPATH\CodeIgniter.php(915): App\Controllers\StockController->index()
 7 SYSTEMPATH\CodeIgniter.php(492): CodeIgniter\CodeIgniter->runController(Object(App\Controllers\StockController))
 8 SYSTEMPATH\CodeIgniter.php(353): CodeIgniter\CodeIgniter->handleRequest(null, Object(Config\Cache), false)
 9 FCPATH\index.php(79): CodeIgniter\CodeIgniter->run()
CRITICAL - 2023-09-13 18:08:30 --> Undefined variable $producto
in APPPATH\Views\stock\index.php on line 13.
 1 APPPATH\Views\stock\index.php(13): CodeIgniter\Debug\Exceptions->errorHandler(2, 'Undefined variable $producto', 'C:\\xampp\\htdocs\\trabajomod1\\app\\Views\\stock\\index.php', 13)
 2 SYSTEMPATH\View\View.php(226): include('C:\\xampp\\htdocs\\trabajomod1\\app\\Views\\stock\\index.php')
 3 SYSTEMPATH\View\View.php(229): CodeIgniter\View\View->CodeIgniter\View\{closure}()
 4 SYSTEMPATH\Common.php(1178): CodeIgniter\View\View->render('stock/index', [], true)
 5 APPPATH\Controllers\StockController.php(14): view('stock/index', [...])
 6 SYSTEMPATH\CodeIgniter.php(915): App\Controllers\StockController->index()
 7 SYSTEMPATH\CodeIgniter.php(492): CodeIgniter\CodeIgniter->runController(Object(App\Controllers\StockController))
 8 SYSTEMPATH\CodeIgniter.php(353): CodeIgniter\CodeIgniter->handleRequest(null, Object(Config\Cache), false)
 9 FCPATH\index.php(79): CodeIgniter\CodeIgniter->run()
CRITICAL - 2023-09-13 18:08:30 --> Undefined variable $producto
in APPPATH\Views\stock\index.php on line 13.
 1 APPPATH\Views\stock\index.php(13): CodeIgniter\Debug\Exceptions->errorHandler(2, 'Undefined variable $producto', 'C:\\xampp\\htdocs\\trabajomod1\\app\\Views\\stock\\index.php', 13)
 2 SYSTEMPATH\View\View.php(226): include('C:\\xampp\\htdocs\\trabajomod1\\app\\Views\\stock\\index.php')
 3 SYSTEMPATH\View\View.php(229): CodeIgniter\View\View->CodeIgniter\View\{closure}()
 4 SYSTEMPATH\Common.php(1178): CodeIgniter\View\View->render('stock/index', [], true)
 5 APPPATH\Controllers\StockController.php(14): view('stock/index', [...])
 6 SYSTEMPATH\CodeIgniter.php(915): App\Controllers\StockController->index()
 7 SYSTEMPATH\CodeIgniter.php(492): CodeIgniter\CodeIgniter->runController(Object(App\Controllers\StockController))
 8 SYSTEMPATH\CodeIgniter.php(353): CodeIgniter\CodeIgniter->handleRequest(null, Object(Config\Cache), false)
 9 FCPATH\index.php(79): CodeIgniter\CodeIgniter->run()
CRITICAL - 2023-09-13 18:08:30 --> Undefined variable $producto
in APPPATH\Views\stock\index.php on line 13.
 1 APPPATH\Views\stock\index.php(13): CodeIgniter\Debug\Exceptions->errorHandler(2, 'Undefined variable $producto', 'C:\\xampp\\htdocs\\trabajomod1\\app\\Views\\stock\\index.php', 13)
 2 SYSTEMPATH\View\View.php(226): include('C:\\xampp\\htdocs\\trabajomod1\\app\\Views\\stock\\index.php')
 3 SYSTEMPATH\View\View.php(229): CodeIgniter\View\View->CodeIgniter\View\{closure}()
 4 SYSTEMPATH\Common.php(1178): CodeIgniter\View\View->render('stock/index', [], true)
 5 APPPATH\Controllers\StockController.php(14): view('stock/index', [...])
 6 SYSTEMPATH\CodeIgniter.php(915): App\Controllers\StockController->index()
 7 SYSTEMPATH\CodeIgniter.php(492): CodeIgniter\CodeIgniter->runController(Object(App\Controllers\StockController))
 8 SYSTEMPATH\CodeIgniter.php(353): CodeIgniter\CodeIgniter->handleRequest(null, Object(Config\Cache), false)
 9 FCPATH\index.php(79): CodeIgniter\CodeIgniter->run()
CRITICAL - 2023-09-13 18:08:30 --> Undefined variable $producto
in APPPATH\Views\stock\index.php on line 13.
 1 APPPATH\Views\stock\index.php(13): CodeIgniter\Debug\Exceptions->errorHandler(2, 'Undefined variable $producto', 'C:\\xampp\\htdocs\\trabajomod1\\app\\Views\\stock\\index.php', 13)
 2 SYSTEMPATH\View\View.php(226): include('C:\\xampp\\htdocs\\trabajomod1\\app\\Views\\stock\\index.php')
 3 SYSTEMPATH\View\View.php(229): CodeIgniter\View\View->CodeIgniter\View\{closure}()
 4 SYSTEMPATH\Common.php(1178): CodeIgniter\View\View->render('stock/index', [], true)
 5 APPPATH\Controllers\StockController.php(14): view('stock/index', [...])
 6 SYSTEMPATH\CodeIgniter.php(915): App\Controllers\StockController->index()
 7 SYSTEMPATH\CodeIgniter.php(492): CodeIgniter\CodeIgniter->runController(Object(App\Controllers\StockController))
 8 SYSTEMPATH\CodeIgniter.php(353): CodeIgniter\CodeIgniter->handleRequest(null, Object(Config\Cache), false)
 9 FCPATH\index.php(79): CodeIgniter\CodeIgniter->run()
CRITICAL - 2023-09-13 18:08:31 --> Undefined variable $producto
in APPPATH\Views\stock\index.php on line 13.
 1 APPPATH\Views\stock\index.php(13): CodeIgniter\Debug\Exceptions->errorHandler(2, 'Undefined variable $producto', 'C:\\xampp\\htdocs\\trabajomod1\\app\\Views\\stock\\index.php', 13)
 2 SYSTEMPATH\View\View.php(226): include('C:\\xampp\\htdocs\\trabajomod1\\app\\Views\\stock\\index.php')
 3 SYSTEMPATH\View\View.php(229): CodeIgniter\View\View->CodeIgniter\View\{closure}()
 4 SYSTEMPATH\Common.php(1178): CodeIgniter\View\View->render('stock/index', [], true)
 5 APPPATH\Controllers\StockController.php(14): view('stock/index', [...])
 6 SYSTEMPATH\CodeIgniter.php(915): App\Controllers\StockController->index()
 7 SYSTEMPATH\CodeIgniter.php(492): CodeIgniter\CodeIgniter->runController(Object(App\Controllers\StockController))
 8 SYSTEMPATH\CodeIgniter.php(353): CodeIgniter\CodeIgniter->handleRequest(null, Object(Config\Cache), false)
 9 FCPATH\index.php(79): CodeIgniter\CodeIgniter->run()
CRITICAL - 2023-09-13 18:08:31 --> Undefined variable $producto
in APPPATH\Views\stock\index.php on line 13.
 1 APPPATH\Views\stock\index.php(13): CodeIgniter\Debug\Exceptions->errorHandler(2, 'Undefined variable $producto', 'C:\\xampp\\htdocs\\trabajomod1\\app\\Views\\stock\\index.php', 13)
 2 SYSTEMPATH\View\View.php(226): include('C:\\xampp\\htdocs\\trabajomod1\\app\\Views\\stock\\index.php')
 3 SYSTEMPATH\View\View.php(229): CodeIgniter\View\View->CodeIgniter\View\{closure}()
 4 SYSTEMPATH\Common.php(1178): CodeIgniter\View\View->render('stock/index', [], true)
 5 APPPATH\Controllers\StockController.php(14): view('stock/index', [...])
 6 SYSTEMPATH\CodeIgniter.php(915): App\Controllers\StockController->index()
 7 SYSTEMPATH\CodeIgniter.php(492): CodeIgniter\CodeIgniter->runController(Object(App\Controllers\StockController))
 8 SYSTEMPATH\CodeIgniter.php(353): CodeIgniter\CodeIgniter->handleRequest(null, Object(Config\Cache), false)
 9 FCPATH\index.php(79): CodeIgniter\CodeIgniter->run()
CRITICAL - 2023-09-13 18:08:38 --> Undefined variable $producto
in APPPATH\Views\stock\index.php on line 13.
 1 APPPATH\Views\stock\index.php(13): CodeIgniter\Debug\Exceptions->errorHandler(2, 'Undefined variable $producto', 'C:\\xampp\\htdocs\\trabajomod1\\app\\Views\\stock\\index.php', 13)
 2 SYSTEMPATH\View\View.php(226): include('C:\\xampp\\htdocs\\trabajomod1\\app\\Views\\stock\\index.php')
 3 SYSTEMPATH\View\View.php(229): CodeIgniter\View\View->CodeIgniter\View\{closure}()
 4 SYSTEMPATH\Common.php(1178): CodeIgniter\View\View->render('stock/index', [], true)
 5 APPPATH\Controllers\StockController.php(14): view('stock/index', [...])
 6 SYSTEMPATH\CodeIgniter.php(915): App\Controllers\StockController->index()
 7 SYSTEMPATH\CodeIgniter.php(492): CodeIgniter\CodeIgniter->runController(Object(App\Controllers\StockController))
 8 SYSTEMPATH\CodeIgniter.php(353): CodeIgniter\CodeIgniter->handleRequest(null, Object(Config\Cache), false)
 9 FCPATH\index.php(79): CodeIgniter\CodeIgniter->run()
CRITICAL - 2023-09-13 18:08:39 --> Undefined variable $producto
in APPPATH\Views\stock\index.php on line 13.
 1 APPPATH\Views\stock\index.php(13): CodeIgniter\Debug\Exceptions->errorHandler(2, 'Undefined variable $producto', 'C:\\xampp\\htdocs\\trabajomod1\\app\\Views\\stock\\index.php', 13)
 2 SYSTEMPATH\View\View.php(226): include('C:\\xampp\\htdocs\\trabajomod1\\app\\Views\\stock\\index.php')
 3 SYSTEMPATH\View\View.php(229): CodeIgniter\View\View->CodeIgniter\View\{closure}()
 4 SYSTEMPATH\Common.php(1178): CodeIgniter\View\View->render('stock/index', [], true)
 5 APPPATH\Controllers\StockController.php(14): view('stock/index', [...])
 6 SYSTEMPATH\CodeIgniter.php(915): App\Controllers\StockController->index()
 7 SYSTEMPATH\CodeIgniter.php(492): CodeIgniter\CodeIgniter->runController(Object(App\Controllers\StockController))
 8 SYSTEMPATH\CodeIgniter.php(353): CodeIgniter\CodeIgniter->handleRequest(null, Object(Config\Cache), false)
 9 FCPATH\index.php(79): CodeIgniter\CodeIgniter->run()
CRITICAL - 2023-09-13 18:08:39 --> Undefined variable $producto
in APPPATH\Views\stock\index.php on line 13.
 1 APPPATH\Views\stock\index.php(13): CodeIgniter\Debug\Exceptions->errorHandler(2, 'Undefined variable $producto', 'C:\\xampp\\htdocs\\trabajomod1\\app\\Views\\stock\\index.php', 13)
 2 SYSTEMPATH\View\View.php(226): include('C:\\xampp\\htdocs\\trabajomod1\\app\\Views\\stock\\index.php')
 3 SYSTEMPATH\View\View.php(229): CodeIgniter\View\View->CodeIgniter\View\{closure}()
 4 SYSTEMPATH\Common.php(1178): CodeIgniter\View\View->render('stock/index', [], true)
 5 APPPATH\Controllers\StockController.php(14): view('stock/index', [...])
 6 SYSTEMPATH\CodeIgniter.php(915): App\Controllers\StockController->index()
 7 SYSTEMPATH\CodeIgniter.php(492): CodeIgniter\CodeIgniter->runController(Object(App\Controllers\StockController))
 8 SYSTEMPATH\CodeIgniter.php(353): CodeIgniter\CodeIgniter->handleRequest(null, Object(Config\Cache), false)
 9 FCPATH\index.php(79): CodeIgniter\CodeIgniter->run()
CRITICAL - 2023-09-13 18:14:56 --> Undefined variable $producto
in APPPATH\Views\stock\index.php on line 13.
 1 APPPATH\Views\stock\index.php(13): CodeIgniter\Debug\Exceptions->errorHandler(2, 'Undefined variable $producto', 'C:\\xampp\\htdocs\\trabajomod1\\app\\Views\\stock\\index.php', 13)
 2 SYSTEMPATH\View\View.php(226): include('C:\\xampp\\htdocs\\trabajomod1\\app\\Views\\stock\\index.php')
 3 SYSTEMPATH\View\View.php(229): CodeIgniter\View\View->CodeIgniter\View\{closure}()
 4 SYSTEMPATH\Common.php(1178): CodeIgniter\View\View->render('stock/index', [], true)
 5 APPPATH\Controllers\StockController.php(14): view('stock/index', [...])
 6 SYSTEMPATH\CodeIgniter.php(915): App\Controllers\StockController->index()
 7 SYSTEMPATH\CodeIgniter.php(492): CodeIgniter\CodeIgniter->runController(Object(App\Controllers\StockController))
 8 SYSTEMPATH\CodeIgniter.php(353): CodeIgniter\CodeIgniter->handleRequest(null, Object(Config\Cache), false)
 9 FCPATH\index.php(79): CodeIgniter\CodeIgniter->run()
CRITICAL - 2023-09-13 18:14:57 --> Undefined variable $producto
in APPPATH\Views\stock\index.php on line 13.
 1 APPPATH\Views\stock\index.php(13): CodeIgniter\Debug\Exceptions->errorHandler(2, 'Undefined variable $producto', 'C:\\xampp\\htdocs\\trabajomod1\\app\\Views\\stock\\index.php', 13)
 2 SYSTEMPATH\View\View.php(226): include('C:\\xampp\\htdocs\\trabajomod1\\app\\Views\\stock\\index.php')
 3 SYSTEMPATH\View\View.php(229): CodeIgniter\View\View->CodeIgniter\View\{closure}()
 4 SYSTEMPATH\Common.php(1178): CodeIgniter\View\View->render('stock/index', [], true)
 5 APPPATH\Controllers\StockController.php(14): view('stock/index', [...])
 6 SYSTEMPATH\CodeIgniter.php(915): App\Controllers\StockController->index()
 7 SYSTEMPATH\CodeIgniter.php(492): CodeIgniter\CodeIgniter->runController(Object(App\Controllers\StockController))
 8 SYSTEMPATH\CodeIgniter.php(353): CodeIgniter\CodeIgniter->handleRequest(null, Object(Config\Cache), false)
 9 FCPATH\index.php(79): CodeIgniter\CodeIgniter->run()
CRITICAL - 2023-09-13 18:14:57 --> Undefined variable $producto
in APPPATH\Views\stock\index.php on line 13.
 1 APPPATH\Views\stock\index.php(13): CodeIgniter\Debug\Exceptions->errorHandler(2, 'Undefined variable $producto', 'C:\\xampp\\htdocs\\trabajomod1\\app\\Views\\stock\\index.php', 13)
 2 SYSTEMPATH\View\View.php(226): include('C:\\xampp\\htdocs\\trabajomod1\\app\\Views\\stock\\index.php')
 3 SYSTEMPATH\View\View.php(229): CodeIgniter\View\View->CodeIgniter\View\{closure}()
 4 SYSTEMPATH\Common.php(1178): CodeIgniter\View\View->render('stock/index', [], true)
 5 APPPATH\Controllers\StockController.php(14): view('stock/index', [...])
 6 SYSTEMPATH\CodeIgniter.php(915): App\Controllers\StockController->index()
 7 SYSTEMPATH\CodeIgniter.php(492): CodeIgniter\CodeIgniter->runController(Object(App\Controllers\StockController))
 8 SYSTEMPATH\CodeIgniter.php(353): CodeIgniter\CodeIgniter->handleRequest(null, Object(Config\Cache), false)
 9 FCPATH\index.php(79): CodeIgniter\CodeIgniter->run()
CRITICAL - 2023-09-13 18:15:41 --> Undefined variable $producto
in APPPATH\Views\stock\index.php on line 13.
 1 APPPATH\Views\stock\index.php(13): CodeIgniter\Debug\Exceptions->errorHandler(2, 'Undefined variable $producto', 'C:\\xampp\\htdocs\\trabajomod1\\app\\Views\\stock\\index.php', 13)
 2 SYSTEMPATH\View\View.php(226): include('C:\\xampp\\htdocs\\trabajomod1\\app\\Views\\stock\\index.php')
 3 SYSTEMPATH\View\View.php(229): CodeIgniter\View\View->CodeIgniter\View\{closure}()
 4 SYSTEMPATH\Common.php(1178): CodeIgniter\View\View->render('stock/index', [], true)
 5 APPPATH\Controllers\StockController.php(14): view('stock/index', [...])
 6 SYSTEMPATH\CodeIgniter.php(915): App\Controllers\StockController->index()
 7 SYSTEMPATH\CodeIgniter.php(492): CodeIgniter\CodeIgniter->runController(Object(App\Controllers\StockController))
 8 SYSTEMPATH\CodeIgniter.php(353): CodeIgniter\CodeIgniter->handleRequest(null, Object(Config\Cache), false)
 9 FCPATH\index.php(79): CodeIgniter\CodeIgniter->run()
CRITICAL - 2023-09-13 18:15:42 --> Undefined variable $producto
in APPPATH\Views\stock\index.php on line 13.
 1 APPPATH\Views\stock\index.php(13): CodeIgniter\Debug\Exceptions->errorHandler(2, 'Undefined variable $producto', 'C:\\xampp\\htdocs\\trabajomod1\\app\\Views\\stock\\index.php', 13)
 2 SYSTEMPATH\View\View.php(226): include('C:\\xampp\\htdocs\\trabajomod1\\app\\Views\\stock\\index.php')
 3 SYSTEMPATH\View\View.php(229): CodeIgniter\View\View->CodeIgniter\View\{closure}()
 4 SYSTEMPATH\Common.php(1178): CodeIgniter\View\View->render('stock/index', [], true)
 5 APPPATH\Controllers\StockController.php(14): view('stock/index', [...])
 6 SYSTEMPATH\CodeIgniter.php(915): App\Controllers\StockController->index()
 7 SYSTEMPATH\CodeIgniter.php(492): CodeIgniter\CodeIgniter->runController(Object(App\Controllers\StockController))
 8 SYSTEMPATH\CodeIgniter.php(353): CodeIgniter\CodeIgniter->handleRequest(null, Object(Config\Cache), false)
 9 FCPATH\index.php(79): CodeIgniter\CodeIgniter->run()
